<?xml version="1.0" encoding="UTF-8"?>
<testng-results ignored="0" total="1" passed="1" failed="0" skipped="0">
  <reporter-output>
  </reporter-output>
  <suite started-at="2023-06-22T04:30:10Z" name="Default suite" finished-at="2023-06-22T04:30:20Z" duration-ms="10235">
    <groups>
    </groups>
    <test started-at="2023-06-22T04:30:10Z" name="Default test" finished-at="2023-06-22T04:30:20Z" duration-ms="10235">
      <class name="webmath.com.test.TwoPointPageTest">
        <test-method is-config="true" signature="setup()[pri:0, instance:webmath.com.test.TwoPointPageTest@1807e3f6]" started-at="2023-06-22T04:30:10Z" name="setup" finished-at="2023-06-22T04:30:16Z" duration-ms="5851" status="PASS">
          <reporter-output>
          </reporter-output>
        </test-method> <!-- setup -->
        <test-method signature="fillInThePoints()[pri:0, instance:webmath.com.test.TwoPointPageTest@1807e3f6]" started-at="2023-06-22T04:30:16Z" name="fillInThePoints" finished-at="2023-06-22T04:30:20Z" duration-ms="3986" status="PASS">
          <reporter-output>
          </reporter-output>
        </test-method> <!-- fillInThePoints -->
        <test-method is-config="true" signature="tearDown()[pri:0, instance:webmath.com.test.TwoPointPageTest@1807e3f6]" started-at="2023-06-22T04:30:20Z" name="tearDown" finished-at="2023-06-22T04:30:20Z" duration-ms="375" status="PASS">
          <reporter-output>
          </reporter-output>
        </test-method> <!-- tearDown -->
      </class> <!-- webmath.com.test.TwoPointPageTest -->
    </test> <!-- Default test -->
  </suite> <!-- Default suite -->
</testng-results>
